[ 2017-05-19T13:31:02+08:00 ] ::1 /index.php/admin/category/addcategory
INFO: [ app_init ] --START--
INFO: Run Behavior\BuildLiteBehavior [ RunTime:0.000027s ]
INFO: [ app_init ] --END-- [ RunTime:0.003458s ]
INFO: [ app_begin ] --START--
INFO: Run Behavior\ReadHtmlCacheBehavior [ RunTime:0.000927s ]
INFO: [ app_begin ] --END-- [ RunTime:0.000992s ]
INFO: [ view_parse ] --START--
INFO: [ template_filter ] --START--
INFO: Run Behavior\ContentReplaceBehavior [ RunTime:0.000555s ]
INFO: [ template_filter ] --END-- [ RunTime:0.000628s ]
INFO: Run Behavior\ParseTemplateBehavior [ RunTime:0.012590s ]
INFO: [ view_parse ] --END-- [ RunTime:0.012650s ]
INFO: [ view_filter ] --START--
INFO: Run Behavior\WriteHtmlCacheBehavior [ RunTime:0.000413s ]
INFO: [ view_filter ] --END-- [ RunTime:0.000465s ]
INFO: [ app_end ] --START--
INFO: Run Behavior\ShowPageTraceBehavior [ RunTime:0.000852s ]
INFO: [ app_end ] --END-- [ RunTime:0.000895s ]

[ 2017-05-19T13:34:13+08:00 ] ::1 /index.php/?s=admin/login/login
INFO: [ app_init ] --START--
INFO: Run Behavior\BuildLiteBehavior [ RunTime:0.000037s ]
INFO: [ app_init ] --END-- [ RunTime:0.001073s ]
INFO: [ app_begin ] --START--
INFO: Run Behavior\ReadHtmlCacheBehavior [ RunTime:0.001368s ]
INFO: [ app_begin ] --END-- [ RunTime:0.001500s ]
INFO: [ view_parse ] --START--
INFO: [ template_filter ] --START--
INFO: Run Behavior\ContentReplaceBehavior [ RunTime:0.000152s ]
INFO: [ template_filter ] --END-- [ RunTime:0.000272s ]
NOTIC: [8] Undefined variable: time /Users/apple/site/h5/Application/Runtime/Cache/Admin/0dfec61edd66f450033aa87c28a760f4.php 第 53 行.
INFO: Run Behavior\ParseTemplateBehavior [ RunTime:0.017709s ]
INFO: [ view_parse ] --END-- [ RunTime:0.017797s ]
INFO: [ view_filter ] --START--
INFO: Run Behavior\WriteHtmlCacheBehavior [ RunTime:0.000479s ]
INFO: [ view_filter ] --END-- [ RunTime:0.000586s ]
INFO: [ app_end ] --START--
INFO: Run Behavior\ShowPageTraceBehavior [ RunTime:0.001585s ]
INFO: [ app_end ] --END-- [ RunTime:0.001973s ]

[ 2017-05-19T13:34:13+08:00 ] ::1 /index.php/Admin/Login/verify
INFO: [ app_init ] --START--
INFO: Run Behavior\BuildLiteBehavior [ RunTime:0.000022s ]
INFO: [ app_init ] --END-- [ RunTime:0.000507s ]
INFO: [ app_begin ] --START--
INFO: Run Behavior\ReadHtmlCacheBehavior [ RunTime:0.000628s ]
INFO: [ app_begin ] --END-- [ RunTime:0.000684s ]
INFO: [ app_end ] --START--
INFO: Run Behavior\ShowPageTraceBehavior [ RunTime:0.000538s ]
INFO: [ app_end ] --END-- [ RunTime:0.000599s ]

[ 2017-05-19T13:34:16+08:00 ] ::1 /index.php/?s=admin/login/login
INFO: [ app_init ] --START--
INFO: Run Behavior\BuildLiteBehavior [ RunTime:0.000012s ]
INFO: [ app_init ] --END-- [ RunTime:0.000276s ]
INFO: [ app_begin ] --START--
INFO: Run Behavior\ReadHtmlCacheBehavior [ RunTime:0.000359s ]
INFO: [ app_begin ] --END-- [ RunTime:0.000388s ]
INFO: [ view_parse ] --START--
INFO: [ template_filter ] --START--
INFO: Run Behavior\ContentReplaceBehavior [ RunTime:0.000034s ]
INFO: [ template_filter ] --END-- [ RunTime:0.000066s ]
NOTIC: [8] Undefined variable: time /Users/apple/site/h5/Application/Runtime/Cache/Admin/0dfec61edd66f450033aa87c28a760f4.php 第 53 行.
INFO: Run Behavior\ParseTemplateBehavior [ RunTime:0.004207s ]
INFO: [ view_parse ] --END-- [ RunTime:0.004233s ]
INFO: [ view_filter ] --START--
INFO: Run Behavior\WriteHtmlCacheBehavior [ RunTime:0.000119s ]
INFO: [ view_filter ] --END-- [ RunTime:0.000143s ]
INFO: [ app_end ] --START--
INFO: Run Behavior\ShowPageTraceBehavior [ RunTime:0.000404s ]
INFO: [ app_end ] --END-- [ RunTime:0.000429s ]

[ 2017-05-19T13:34:16+08:00 ] ::1 /index.php/Admin/Login/verify
INFO: [ app_init ] --START--
INFO: Run Behavior\BuildLiteBehavior [ RunTime:0.000020s ]
INFO: [ app_init ] --END-- [ RunTime:0.000460s ]
INFO: [ app_begin ] --START--
INFO: Run Behavior\ReadHtmlCacheBehavior [ RunTime:0.000546s ]
INFO: [ app_begin ] --END-- [ RunTime:0.000605s ]
INFO: [ app_end ] --START--
INFO: Run Behavior\ShowPageTraceBehavior [ RunTime:0.000581s ]
INFO: [ app_end ] --END-- [ RunTime:0.000643s ]

[ 2017-05-19T13:34:31+08:00 ] ::1 /index.php/admin/login/dologin
INFO: [ app_init ] --START--
INFO: Run Behavior\BuildLiteBehavior [ RunTime:0.000014s ]
INFO: [ app_init ] --END-- [ RunTime:0.000326s ]
INFO: [ app_begin ] --START--
INFO: Run Behavior\ReadHtmlCacheBehavior [ RunTime:0.000424s ]
INFO: [ app_begin ] --END-- [ RunTime:0.000460s ]
SQL: SELECT * FROM `blog_login` WHERE ( username='sad' and password='sds' ) LIMIT 1   [ RunTime:0.0013s ]
INFO: [ app_end ] --START--
INFO: Run Behavior\ShowPageTraceBehavior [ RunTime:0.000579s ]
INFO: [ app_end ] --END-- [ RunTime:0.000618s ]

[ 2017-05-19T13:34:59+08:00 ] ::1 /index.php/?s=admin/login/login
INFO: [ app_init ] --START--
INFO: Run Behavior\BuildLiteBehavior [ RunTime:0.000021s ]
INFO: [ app_init ] --END-- [ RunTime:0.000383s ]
INFO: [ app_begin ] --START--
INFO: Run Behavior\ReadHtmlCacheBehavior [ RunTime:0.000431s ]
INFO: [ app_begin ] --END-- [ RunTime:0.000466s ]
INFO: [ view_parse ] --START--
INFO: [ template_filter ] --START--
INFO: Run Behavior\ContentReplaceBehavior [ RunTime:0.000064s ]
INFO: [ template_filter ] --END-- [ RunTime:0.000105s ]
NOTIC: [8] Undefined variable: time /Users/apple/site/h5/Application/Runtime/Cache/Admin/0dfec61edd66f450033aa87c28a760f4.php 第 53 行.
INFO: Run Behavior\ParseTemplateBehavior [ RunTime:0.007262s ]
INFO: [ view_parse ] --END-- [ RunTime:0.007290s ]
INFO: [ view_filter ] --START--
INFO: Run Behavior\WriteHtmlCacheBehavior [ RunTime:0.000120s ]
INFO: [ view_filter ] --END-- [ RunTime:0.000143s ]
INFO: [ app_end ] --START--
INFO: Run Behavior\ShowPageTraceBehavior [ RunTime:0.000434s ]
INFO: [ app_end ] --END-- [ RunTime:0.000459s ]

[ 2017-05-19T13:34:59+08:00 ] ::1 /index.php/Admin/Login/verify
INFO: [ app_init ] --START--
INFO: Run Behavior\BuildLiteBehavior [ RunTime:0.000014s ]
INFO: [ app_init ] --END-- [ RunTime:0.000327s ]
INFO: [ app_begin ] --START--
INFO: Run Behavior\ReadHtmlCacheBehavior [ RunTime:0.000387s ]
INFO: [ app_begin ] --END-- [ RunTime:0.000415s ]
INFO: [ app_end ] --START--
INFO: Run Behavior\ShowPageTraceBehavior [ RunTime:0.000634s ]
INFO: [ app_end ] --END-- [ RunTime:0.000704s ]

[ 2017-05-19T13:35:13+08:00 ] ::1 /index.php/admin/login/dologin
INFO: [ app_init ] --START--
INFO: Run Behavior\BuildLiteBehavior [ RunTime:0.000015s ]
INFO: [ app_init ] --END-- [ RunTime:0.000371s ]
INFO: [ app_begin ] --START--
INFO: Run Behavior\ReadHtmlCacheBehavior [ RunTime:0.000572s ]
INFO: [ app_begin ] --END-- [ RunTime:0.000621s ]
SQL: SELECT * FROM `blog_login` WHERE ( username='pbwk' and password='admin' ) LIMIT 1   [ RunTime:0.0002s ]
INFO: [ app_end ] --START--
INFO: Run Behavior\ShowPageTraceBehavior [ RunTime:0.000542s ]
INFO: [ app_end ] --END-- [ RunTime:0.000578s ]

[ 2017-05-19T13:35:25+08:00 ] ::1 /index.php/admin/login/dologin
INFO: [ app_init ] --START--
INFO: Run Behavior\BuildLiteBehavior [ RunTime:0.000023s ]
INFO: [ app_init ] --END-- [ RunTime:0.000460s ]
INFO: [ app_begin ] --START--
INFO: Run Behavior\ReadHtmlCacheBehavior [ RunTime:0.000459s ]
INFO: [ app_begin ] --END-- [ RunTime:0.000500s ]
SQL: SELECT * FROM `blog_login` WHERE ( username='pbwk' and password='admin' ) LIMIT 1   [ RunTime:0.0003s ]
INFO: [ app_end ] --START--
INFO: Run Behavior\ShowPageTraceBehavior [ RunTime:0.000511s ]
INFO: [ app_end ] --END-- [ RunTime:0.000545s ]

[ 2017-05-19T13:35:48+08:00 ] ::1 /index.php/admin/login/dologin
INFO: [ app_init ] --START--
INFO: Run Behavior\BuildLiteBehavior [ RunTime:0.000011s ]
INFO: [ app_init ] --END-- [ RunTime:0.000272s ]
INFO: [ app_begin ] --START--
INFO: Run Behavior\ReadHtmlCacheBehavior [ RunTime:0.000372s ]
INFO: [ app_begin ] --END-- [ RunTime:0.000402s ]
SQL: SELECT * FROM `blog_login` WHERE ( username='pbwk' and password='ADMIN' ) LIMIT 1   [ RunTime:0.0003s ]
INFO: [ app_end ] --START--
INFO: Run Behavior\ShowPageTraceBehavior [ RunTime:0.000431s ]
INFO: [ app_end ] --END-- [ RunTime:0.000466s ]

[ 2017-05-19T13:38:08+08:00 ] ::1 /index.php/?s=admin/category/index
INFO: [ app_init ] --START--
INFO: Run Behavior\BuildLiteBehavior [ RunTime:0.000029s ]
INFO: [ app_init ] --END-- [ RunTime:0.000788s ]
INFO: [ app_begin ] --START--
INFO: Run Behavior\ReadHtmlCacheBehavior [ RunTime:0.000880s ]
INFO: [ app_begin ] --END-- [ RunTime:0.000935s ]
SQL: SELECT * FROM `blog_category`  [ RunTime:0.0006s ]
INFO: [ view_parse ] --START--
INFO: [ template_filter ] --START--
INFO: Run Behavior\ContentReplaceBehavior [ RunTime:0.000073s ]
INFO: [ template_filter ] --END-- [ RunTime:0.000120s ]
INFO: Run Behavior\ParseTemplateBehavior [ RunTime:0.009111s ]
INFO: [ view_parse ] --END-- [ RunTime:0.009149s ]
INFO: [ view_filter ] --START--
INFO: Run Behavior\WriteHtmlCacheBehavior [ RunTime:0.000560s ]
INFO: [ view_filter ] --END-- [ RunTime:0.000625s ]
INFO: [ app_end ] --START--
INFO: Run Behavior\ShowPageTraceBehavior [ RunTime:0.001223s ]
INFO: [ app_end ] --END-- [ RunTime:0.001298s ]

[ 2017-05-19T13:40:06+08:00 ] ::1 /index.php/?s=admin/category/index
INFO: [ app_init ] --START--
INFO: Run Behavior\BuildLiteBehavior [ RunTime:0.000013s ]
INFO: [ app_init ] --END-- [ RunTime:0.000339s ]
INFO: [ app_begin ] --START--
INFO: Run Behavior\ReadHtmlCacheBehavior [ RunTime:0.000436s ]
INFO: [ app_begin ] --END-- [ RunTime:0.000470s ]
SQL: SELECT * FROM `blog_category`  [ RunTime:0.0002s ]
INFO: [ view_parse ] --START--
INFO: [ template_filter ] --START--
INFO: Run Behavior\ContentReplaceBehavior [ RunTime:0.000047s ]
INFO: [ template_filter ] --END-- [ RunTime:0.000106s ]
INFO: Run Behavior\ParseTemplateBehavior [ RunTime:0.007270s ]
INFO: [ view_parse ] --END-- [ RunTime:0.007323s ]
INFO: [ view_filter ] --START--
INFO: Run Behavior\WriteHtmlCacheBehavior [ RunTime:0.000161s ]
INFO: [ view_filter ] --END-- [ RunTime:0.000185s ]
INFO: [ app_end ] --START--
INFO: Run Behavior\ShowPageTraceBehavior [ RunTime:0.000466s ]
INFO: [ app_end ] --END-- [ RunTime:0.000493s ]

[ 2017-05-19T13:40:09+08:00 ] ::1 /index.php/Admin/Category/addCategory
INFO: [ app_init ] --START--
INFO: Run Behavior\BuildLiteBehavior [ RunTime:0.000012s ]
INFO: [ app_init ] --END-- [ RunTime:0.000268s ]
INFO: [ app_begin ] --START--
INFO: Run Behavior\ReadHtmlCacheBehavior [ RunTime:0.000353s ]
INFO: [ app_begin ] --END-- [ RunTime:0.000382s ]
INFO: [ view_parse ] --START--
INFO: [ template_filter ] --START--
INFO: Run Behavior\ContentReplaceBehavior [ RunTime:0.000039s ]
INFO: [ template_filter ] --END-- [ RunTime:0.000085s ]
INFO: Run Behavior\ParseTemplateBehavior [ RunTime:0.006824s ]
INFO: [ view_parse ] --END-- [ RunTime:0.006862s ]
INFO: [ view_filter ] --START--
INFO: Run Behavior\WriteHtmlCacheBehavior [ RunTime:0.000149s ]
INFO: [ view_filter ] --END-- [ RunTime:0.000176s ]
INFO: [ app_end ] --START--
INFO: Run Behavior\ShowPageTraceBehavior [ RunTime:0.000481s ]
INFO: [ app_end ] --END-- [ RunTime:0.000511s ]

[ 2017-05-19T13:40:30+08:00 ] ::1 /index.php/?s=admin/category/index
INFO: [ app_init ] --START--
INFO: Run Behavior\BuildLiteBehavior [ RunTime:0.000013s ]
INFO: [ app_init ] --END-- [ RunTime:0.000302s ]
INFO: [ app_begin ] --START--
INFO: Run Behavior\ReadHtmlCacheBehavior [ RunTime:0.000413s ]
INFO: [ app_begin ] --END-- [ RunTime:0.000446s ]
SQL: SELECT * FROM `blog_category`  [ RunTime:0.0003s ]
INFO: [ view_parse ] --START--
INFO: [ template_filter ] --START--
INFO: Run Behavior\ContentReplaceBehavior [ RunTime:0.000039s ]
INFO: [ template_filter ] --END-- [ RunTime:0.000076s ]
INFO: Run Behavior\ParseTemplateBehavior [ RunTime:0.004868s ]
INFO: [ view_parse ] --END-- [ RunTime:0.004900s ]
INFO: [ view_filter ] --START--
INFO: Run Behavior\WriteHtmlCacheBehavior [ RunTime:0.000125s ]
INFO: [ view_filter ] --END-- [ RunTime:0.000149s ]
INFO: [ app_end ] --START--
INFO: Run Behavior\ShowPageTraceBehavior [ RunTime:0.000438s ]
INFO: [ app_end ] --END-- [ RunTime:0.000464s ]

[ 2017-05-19T13:40:32+08:00 ] ::1 /index.php/Admin/Category/addCategory
INFO: [ app_init ] --START--
INFO: Run Behavior\BuildLiteBehavior [ RunTime:0.000020s ]
INFO: [ app_init ] --END-- [ RunTime:0.000392s ]
INFO: [ app_begin ] --START--
INFO: Run Behavior\ReadHtmlCacheBehavior [ RunTime:0.000549s ]
INFO: [ app_begin ] --END-- [ RunTime:0.000619s ]
INFO: [ view_parse ] --START--
INFO: [ template_filter ] --START--
INFO: Run Behavior\ContentReplaceBehavior [ RunTime:0.000047s ]
INFO: [ template_filter ] --END-- [ RunTime:0.000112s ]
INFO: Run Behavior\ParseTemplateBehavior [ RunTime:0.007641s ]
INFO: [ view_parse ] --END-- [ RunTime:0.007705s ]
INFO: [ view_filter ] --START--
INFO: Run Behavior\WriteHtmlCacheBehavior [ RunTime:0.000277s ]
INFO: [ view_filter ] --END-- [ RunTime:0.000333s ]
INFO: [ app_end ] --START--
INFO: Run Behavior\ShowPageTraceBehavior [ RunTime:0.000752s ]
INFO: [ app_end ] --END-- [ RunTime:0.000815s ]

[ 2017-05-19T13:40:59+08:00 ] ::1 /index.php/Admin/Category/add
INFO: [ app_init ] --START--
INFO: Run Behavior\BuildLiteBehavior [ RunTime:0.000063s ]
INFO: [ app_init ] --END-- [ RunTime:0.000934s ]
INFO: [ app_begin ] --START--
INFO: Run Behavior\ReadHtmlCacheBehavior [ RunTime:0.000539s ]
INFO: [ app_begin ] --END-- [ RunTime:0.000583s ]
NOTIC: [8] Undefined variable: data /Users/apple/site/h5/Application/Admin/Controller/CategoryController.class.php 第 21 行.
SQL: INSERT INTO `blog_category` (`cat_name`,`cat_desc`,`parent_id`) VALUES ('引言','在你职业生涯的早期阶段，当你正在寻找初始位置时，你必须表现得与竞争对手不一样，这才是最重要的。','0') [ RunTime:0.0013s ]

[ 2017-05-19T13:41:03+08:00 ] ::1 /index.php/Admin/Category/index.html
INFO: [ app_init ] --START--
INFO: Run Behavior\BuildLiteBehavior [ RunTime:0.000012s ]
INFO: [ app_init ] --END-- [ RunTime:0.000272s ]
INFO: [ app_begin ] --START--
INFO: Run Behavior\ReadHtmlCacheBehavior [ RunTime:0.000353s ]
INFO: [ app_begin ] --END-- [ RunTime:0.000381s ]
SQL: SELECT * FROM `blog_category`  [ RunTime:0.0007s ]
INFO: [ view_parse ] --START--
INFO: [ template_filter ] --START--
INFO: Run Behavior\ContentReplaceBehavior [ RunTime:0.000051s ]
INFO: [ template_filter ] --END-- [ RunTime:0.000087s ]
INFO: Run Behavior\ParseTemplateBehavior [ RunTime:0.005938s ]
INFO: [ view_parse ] --END-- [ RunTime:0.005975s ]
INFO: [ view_filter ] --START--
INFO: Run Behavior\WriteHtmlCacheBehavior [ RunTime:0.000128s ]
INFO: [ view_filter ] --END-- [ RunTime:0.000152s ]
INFO: [ app_end ] --START--
INFO: Run Behavior\ShowPageTraceBehavior [ RunTime:0.000438s ]
INFO: [ app_end ] --END-- [ RunTime:0.000463s ]

[ 2017-05-19T13:45:07+08:00 ] ::1 /index.php/Admin/Category/add
INFO: [ app_init ] --START--
INFO: Run Behavior\BuildLiteBehavior [ RunTime:0.000012s ]
INFO: [ app_init ] --END-- [ RunTime:0.000279s ]
INFO: [ app_begin ] --START--
INFO: Run Behavior\ReadHtmlCacheBehavior [ RunTime:0.000360s ]
INFO: [ app_begin ] --END-- [ RunTime:0.000388s ]
NOTIC: [8] Undefined variable: data /Users/apple/site/h5/Application/Admin/Controller/CategoryController.class.php 第 21 行.
SQL: INSERT INTO `blog_category` (`cat_name`,`cat_desc`,`parent_id`) VALUES ('引言','在你职业生涯的早期阶段，当你正在寻找初始位置时，你必须表现得与竞争对手不一样，这才是最重要的。','0') [ RunTime:0.0003s ]

[ 2017-05-19T13:45:09+08:00 ] ::1 /index.php/Admin/Category/index.html
INFO: [ app_init ] --START--
INFO: Run Behavior\BuildLiteBehavior [ RunTime:0.000013s ]
INFO: [ app_init ] --END-- [ RunTime:0.000299s ]
INFO: [ app_begin ] --START--
INFO: Run Behavior\ReadHtmlCacheBehavior [ RunTime:0.000396s ]
INFO: [ app_begin ] --END-- [ RunTime:0.000427s ]
SQL: SELECT * FROM `blog_category`  [ RunTime:0.0002s ]
INFO: [ view_parse ] --START--
INFO: [ template_filter ] --START--
INFO: Run Behavior\ContentReplaceBehavior [ RunTime:0.000048s ]
INFO: [ template_filter ] --END-- [ RunTime:0.000090s ]
INFO: Run Behavior\ParseTemplateBehavior [ RunTime:0.005801s ]
INFO: [ view_parse ] --END-- [ RunTime:0.005838s ]
INFO: [ view_filter ] --START--
INFO: Run Behavior\WriteHtmlCacheBehavior [ RunTime:0.000139s ]
INFO: [ view_filter ] --END-- [ RunTime:0.000172s ]
INFO: [ app_end ] --START--
INFO: Run Behavior\ShowPageTraceBehavior [ RunTime:0.000530s ]
INFO: [ app_end ] --END-- [ RunTime:0.000578s ]

[ 2017-05-19T15:18:22+08:00 ] ::1 /index.php/admin/category/addcategory
INFO: [ app_init ] --START--
INFO: Run Behavior\BuildLiteBehavior [ RunTime:0.000014s ]
INFO: [ app_init ] --END-- [ RunTime:0.000361s ]
INFO: [ app_begin ] --START--
INFO: Run Behavior\ReadHtmlCacheBehavior [ RunTime:0.000527s ]
INFO: [ app_begin ] --END-- [ RunTime:0.000577s ]
INFO: [ view_parse ] --START--
INFO: [ template_filter ] --START--
INFO: Run Behavior\ContentReplaceBehavior [ RunTime:0.000041s ]
INFO: [ template_filter ] --END-- [ RunTime:0.000082s ]
INFO: Run Behavior\ParseTemplateBehavior [ RunTime:0.005870s ]
INFO: [ view_parse ] --END-- [ RunTime:0.005932s ]
INFO: [ view_filter ] --START--
INFO: Run Behavior\WriteHtmlCacheBehavior [ RunTime:0.000168s ]
INFO: [ view_filter ] --END-- [ RunTime:0.000197s ]
INFO: [ app_end ] --START--
INFO: Run Behavior\ShowPageTraceBehavior [ RunTime:0.000506s ]
INFO: [ app_end ] --END-- [ RunTime:0.000538s ]

[ 2017-05-19T15:19:11+08:00 ] ::1 /index.php/admin/category/add
INFO: [ app_init ] --START--
INFO: Run Behavior\BuildLiteBehavior [ RunTime:0.000026s ]
INFO: [ app_init ] --END-- [ RunTime:0.000463s ]
INFO: [ app_begin ] --START--
INFO: Run Behavior\ReadHtmlCacheBehavior [ RunTime:0.000370s ]
INFO: [ app_begin ] --END-- [ RunTime:0.000398s ]
NOTIC: [8] Undefined variable: data /Users/apple/site/h5/Application/Admin/Controller/CategoryController.class.php 第 21 行.
SQL: INSERT INTO `blog_category` (`cat_name`,`cat_desc`,`parent_id`) VALUES ('1','真正走进了婚姻你就会发现，对方的容貌真的没有那么重要，幸福是一种实实在在的感觉，而不依赖于它光鲜的外表，只有适合你的人才能与你共度一生。','0') [ RunTime:0.0002s ]

