[ 2017-05-16T08:34:40+08:00 ] 127.0.0.1 /index.php/?s=admin/topic/showlist
INFO: [ app_init ] --START--
INFO: Run Behavior\BuildLiteBehavior [ RunTime:0.000005s ]
INFO: [ app_init ] --END-- [ RunTime:0.000253s ]
INFO: [ app_begin ] --START--
INFO: Run Behavior\ReadHtmlCacheBehavior [ RunTime:0.000243s ]
INFO: [ app_begin ] --END-- [ RunTime:0.000256s ]
ERR: 非法操作:showlist

[ 2017-05-16T08:34:46+08:00 ] 127.0.0.1 /index.php/?s=admin/topic/topic
INFO: [ app_init ] --START--
INFO: Run Behavior\BuildLiteBehavior [ RunTime:0.000009s ]
INFO: [ app_init ] --END-- [ RunTime:0.000401s ]
INFO: [ app_begin ] --START--
INFO: Run Behavior\ReadHtmlCacheBehavior [ RunTime:0.000349s ]
INFO: [ app_begin ] --END-- [ RunTime:0.000376s ]
INFO: [ view_parse ] --START--
INFO: [ template_filter ] --START--
INFO: Run Behavior\ContentReplaceBehavior [ RunTime:0.000027s ]
INFO: [ template_filter ] --END-- [ RunTime:0.000051s ]
INFO: Run Behavior\ParseTemplateBehavior [ RunTime:0.009809s ]
INFO: [ view_parse ] --END-- [ RunTime:0.009849s ]
INFO: [ view_filter ] --START--
INFO: Run Behavior\WriteHtmlCacheBehavior [ RunTime:0.000154s ]
INFO: [ view_filter ] --END-- [ RunTime:0.000173s ]
INFO: [ app_end ] --START--
INFO: Run Behavior\ShowPageTraceBehavior [ RunTime:0.000432s ]
INFO: [ app_end ] --END-- [ RunTime:0.000455s ]

[ 2017-05-16T08:43:01+08:00 ] 127.0.0.1 /index.php/?s=admin/topic/topic
INFO: [ app_init ] --START--
INFO: Run Behavior\BuildLiteBehavior [ RunTime:0.000007s ]
INFO: [ app_init ] --END-- [ RunTime:0.000173s ]
INFO: [ app_begin ] --START--
INFO: Run Behavior\ReadHtmlCacheBehavior [ RunTime:0.000218s ]
INFO: [ app_begin ] --END-- [ RunTime:0.000233s ]
INFO: [ view_parse ] --START--
INFO: [ template_filter ] --START--
INFO: Run Behavior\ContentReplaceBehavior [ RunTime:0.000020s ]
INFO: [ template_filter ] --END-- [ RunTime:0.000048s ]
INFO: Run Behavior\ParseTemplateBehavior [ RunTime:0.002688s ]
INFO: [ view_parse ] --END-- [ RunTime:0.002703s ]
INFO: [ view_filter ] --START--
INFO: Run Behavior\WriteHtmlCacheBehavior [ RunTime:0.000086s ]
INFO: [ view_filter ] --END-- [ RunTime:0.000096s ]
INFO: [ app_end ] --START--
INFO: Run Behavior\ShowPageTraceBehavior [ RunTime:0.000272s ]
INFO: [ app_end ] --END-- [ RunTime:0.000285s ]

[ 2017-05-16T08:54:16+08:00 ] 127.0.0.1 /index.php/?s=admin/topic/topic
INFO: [ app_init ] --START--
INFO: Run Behavior\BuildLiteBehavior [ RunTime:0.000023s ]
INFO: [ app_init ] --END-- [ RunTime:0.000459s ]
INFO: [ app_begin ] --START--
INFO: Run Behavior\ReadHtmlCacheBehavior [ RunTime:0.000397s ]
INFO: [ app_begin ] --END-- [ RunTime:0.000425s ]
INFO: [ view_parse ] --START--
INFO: [ template_filter ] --START--
INFO: Run Behavior\ContentReplaceBehavior [ RunTime:0.000022s ]
INFO: [ template_filter ] --END-- [ RunTime:0.000039s ]
INFO: Run Behavior\ParseTemplateBehavior [ RunTime:0.003606s ]
INFO: [ view_parse ] --END-- [ RunTime:0.003624s ]
INFO: [ view_filter ] --START--
INFO: Run Behavior\WriteHtmlCacheBehavior [ RunTime:0.000088s ]
INFO: [ view_filter ] --END-- [ RunTime:0.000099s ]
INFO: [ app_end ] --START--
INFO: Run Behavior\ShowPageTraceBehavior [ RunTime:0.000286s ]
INFO: [ app_end ] --END-- [ RunTime:0.000300s ]

[ 2017-05-16T08:54:22+08:00 ] 127.0.0.1 /index.php/?s=admin/topic/add
INFO: [ app_init ] --START--
INFO: Run Behavior\BuildLiteBehavior [ RunTime:0.000009s ]
INFO: [ app_init ] --END-- [ RunTime:0.000290s ]
INFO: [ app_begin ] --START--
INFO: Run Behavior\ReadHtmlCacheBehavior [ RunTime:0.000297s ]
INFO: [ app_begin ] --END-- [ RunTime:0.000325s ]
SQL: INSERT INTO `blog_topic` (`topic_title`,`topic_desc`,`user_id`,`pub_time`) VALUES ('ssss','sssss','1','1494896062') [ RunTime:0.0010s ]
INFO: [ app_end ] --START--
INFO: Run Behavior\ShowPageTraceBehavior [ RunTime:0.000385s ]
INFO: [ app_end ] --END-- [ RunTime:0.000404s ]

[ 2017-05-16T08:56:17+08:00 ] 127.0.0.1 /index.php/?s=admin/topic/topic
INFO: [ app_init ] --START--
INFO: Run Behavior\BuildLiteBehavior [ RunTime:0.000005s ]
INFO: [ app_init ] --END-- [ RunTime:0.000144s ]
INFO: [ app_begin ] --START--
INFO: Run Behavior\ReadHtmlCacheBehavior [ RunTime:0.000190s ]
INFO: [ app_begin ] --END-- [ RunTime:0.000204s ]
INFO: [ view_parse ] --START--
INFO: [ template_filter ] --START--
INFO: Run Behavior\ContentReplaceBehavior [ RunTime:0.000022s ]
INFO: [ template_filter ] --END-- [ RunTime:0.000045s ]
INFO: Run Behavior\ParseTemplateBehavior [ RunTime:0.002786s ]
INFO: [ view_parse ] --END-- [ RunTime:0.002802s ]
INFO: [ view_filter ] --START--
INFO: Run Behavior\WriteHtmlCacheBehavior [ RunTime:0.000091s ]
INFO: [ view_filter ] --END-- [ RunTime:0.000102s ]
INFO: [ app_end ] --START--
INFO: Run Behavior\ShowPageTraceBehavior [ RunTime:0.000278s ]
INFO: [ app_end ] --END-- [ RunTime:0.000306s ]

[ 2017-05-16T08:56:21+08:00 ] 127.0.0.1 /index.php/?s=admin/topic/add
INFO: [ app_init ] --START--
INFO: Run Behavior\BuildLiteBehavior [ RunTime:0.000008s ]
INFO: [ app_init ] --END-- [ RunTime:0.000235s ]
INFO: [ app_begin ] --START--
INFO: Run Behavior\ReadHtmlCacheBehavior [ RunTime:0.000262s ]
INFO: [ app_begin ] --END-- [ RunTime:0.000281s ]
SQL: INSERT INTO `blog_topic` (`topic_title`,`topic_desc`,`user_id`,`pub_time`) VALUES ('aaa','aaaaa','1','1494896181') [ RunTime:0.0002s ]
INFO: [ app_end ] --START--
INFO: Run Behavior\ShowPageTraceBehavior [ RunTime:0.000403s ]
INFO: [ app_end ] --END-- [ RunTime:0.000426s ]

[ 2017-05-16T08:57:13+08:00 ] 127.0.0.1 /index.php/?s=admin/topic/topic
INFO: [ app_init ] --START--
INFO: Run Behavior\BuildLiteBehavior [ RunTime:0.000005s ]
INFO: [ app_init ] --END-- [ RunTime:0.000153s ]
INFO: [ app_begin ] --START--
INFO: Run Behavior\ReadHtmlCacheBehavior [ RunTime:0.000191s ]
INFO: [ app_begin ] --END-- [ RunTime:0.000204s ]
INFO: [ view_parse ] --START--
INFO: [ template_filter ] --START--
INFO: Run Behavior\ContentReplaceBehavior [ RunTime:0.000031s ]
INFO: [ template_filter ] --END-- [ RunTime:0.000065s ]
INFO: Run Behavior\ParseTemplateBehavior [ RunTime:0.003531s ]
INFO: [ view_parse ] --END-- [ RunTime:0.003553s ]
INFO: [ view_filter ] --START--
INFO: Run Behavior\WriteHtmlCacheBehavior [ RunTime:0.000104s ]
INFO: [ view_filter ] --END-- [ RunTime:0.000118s ]
INFO: [ app_end ] --START--
INFO: Run Behavior\ShowPageTraceBehavior [ RunTime:0.000387s ]
INFO: [ app_end ] --END-- [ RunTime:0.000403s ]

[ 2017-05-16T08:57:38+08:00 ] 127.0.0.1 /index.php/?s=admin/topic/topic
INFO: [ app_init ] --START--
INFO: Run Behavior\BuildLiteBehavior [ RunTime:0.000006s ]
INFO: [ app_init ] --END-- [ RunTime:0.000164s ]
INFO: [ app_begin ] --START--
INFO: Run Behavior\ReadHtmlCacheBehavior [ RunTime:0.000208s ]
INFO: [ app_begin ] --END-- [ RunTime:0.000223s ]
INFO: [ view_parse ] --START--
INFO: [ template_filter ] --START--
INFO: Run Behavior\ContentReplaceBehavior [ RunTime:0.000019s ]
INFO: [ template_filter ] --END-- [ RunTime:0.000038s ]
INFO: Run Behavior\ParseTemplateBehavior [ RunTime:0.002306s ]
INFO: [ view_parse ] --END-- [ RunTime:0.002321s ]
INFO: [ view_filter ] --START--
INFO: Run Behavior\WriteHtmlCacheBehavior [ RunTime:0.000085s ]
INFO: [ view_filter ] --END-- [ RunTime:0.000096s ]
INFO: [ app_end ] --START--
INFO: Run Behavior\ShowPageTraceBehavior [ RunTime:0.000486s ]
INFO: [ app_end ] --END-- [ RunTime:0.000516s ]

[ 2017-05-16T09:03:34+08:00 ] 127.0.0.1 /index.php/?s=admin/topic/topic
INFO: [ app_init ] --START--
INFO: Run Behavior\BuildLiteBehavior [ RunTime:0.000007s ]
INFO: [ app_init ] --END-- [ RunTime:0.000246s ]
INFO: [ app_begin ] --START--
INFO: Run Behavior\ReadHtmlCacheBehavior [ RunTime:0.000239s ]
INFO: [ app_begin ] --END-- [ RunTime:0.000255s ]
INFO: [ view_parse ] --START--
INFO: [ template_filter ] --START--
INFO: Run Behavior\ContentReplaceBehavior [ RunTime:0.000029s ]
INFO: [ template_filter ] --END-- [ RunTime:0.000046s ]
INFO: Run Behavior\ParseTemplateBehavior [ RunTime:0.002732s ]
INFO: [ view_parse ] --END-- [ RunTime:0.002747s ]
INFO: [ view_filter ] --START--
INFO: Run Behavior\WriteHtmlCacheBehavior [ RunTime:0.000083s ]
INFO: [ view_filter ] --END-- [ RunTime:0.000096s ]
INFO: [ app_end ] --START--
INFO: Run Behavior\ShowPageTraceBehavior [ RunTime:0.000225s ]
INFO: [ app_end ] --END-- [ RunTime:0.000237s ]

[ 2017-05-16T09:03:57+08:00 ] 127.0.0.1 /index.php/?s=admin/topic/topic
INFO: [ app_init ] --START--
INFO: Run Behavior\BuildLiteBehavior [ RunTime:0.000006s ]
INFO: [ app_init ] --END-- [ RunTime:0.000167s ]
INFO: [ app_begin ] --START--
INFO: Run Behavior\ReadHtmlCacheBehavior [ RunTime:0.000197s ]
INFO: [ app_begin ] --END-- [ RunTime:0.000213s ]
INFO: [ view_parse ] --START--
INFO: [ template_filter ] --START--
INFO: Run Behavior\ContentReplaceBehavior [ RunTime:0.000021s ]
INFO: [ template_filter ] --END-- [ RunTime:0.000045s ]
INFO: Run Behavior\ParseTemplateBehavior [ RunTime:0.003165s ]
INFO: [ view_parse ] --END-- [ RunTime:0.003181s ]
INFO: [ view_filter ] --START--
INFO: Run Behavior\WriteHtmlCacheBehavior [ RunTime:0.000118s ]
INFO: [ view_filter ] --END-- [ RunTime:0.000133s ]
INFO: [ app_end ] --START--
INFO: Run Behavior\ShowPageTraceBehavior [ RunTime:0.000282s ]
INFO: [ app_end ] --END-- [ RunTime:0.000297s ]

[ 2017-05-16T09:06:09+08:00 ] 127.0.0.1 /index.php/?s=admin/topic/topic
INFO: [ app_init ] --START--
INFO: Run Behavior\BuildLiteBehavior [ RunTime:0.000019s ]
INFO: [ app_init ] --END-- [ RunTime:0.000216s ]
INFO: [ app_begin ] --START--
INFO: Run Behavior\ReadHtmlCacheBehavior [ RunTime:0.000333s ]
INFO: [ app_begin ] --END-- [ RunTime:0.000362s ]
INFO: [ view_parse ] --START--
INFO: [ template_filter ] --START--
INFO: Run Behavior\ContentReplaceBehavior [ RunTime:0.000019s ]
INFO: [ template_filter ] --END-- [ RunTime:0.000041s ]
INFO: Run Behavior\ParseTemplateBehavior [ RunTime:0.003147s ]
INFO: [ view_parse ] --END-- [ RunTime:0.003166s ]
INFO: [ view_filter ] --START--
INFO: Run Behavior\WriteHtmlCacheBehavior [ RunTime:0.000075s ]
INFO: [ view_filter ] --END-- [ RunTime:0.000084s ]
INFO: [ app_end ] --START--
INFO: Run Behavior\ShowPageTraceBehavior [ RunTime:0.000225s ]
INFO: [ app_end ] --END-- [ RunTime:0.000236s ]

[ 2017-05-16T09:07:34+08:00 ] 127.0.0.1 /index.php/?s=admin/topic/topic
INFO: [ app_init ] --START--
INFO: Run Behavior\BuildLiteBehavior [ RunTime:0.000006s ]
INFO: [ app_init ] --END-- [ RunTime:0.000164s ]
INFO: [ app_begin ] --START--
INFO: Run Behavior\ReadHtmlCacheBehavior [ RunTime:0.000215s ]
INFO: [ app_begin ] --END-- [ RunTime:0.000229s ]
INFO: [ view_parse ] --START--
INFO: [ template_filter ] --START--
INFO: Run Behavior\ContentReplaceBehavior [ RunTime:0.000016s ]
INFO: [ template_filter ] --END-- [ RunTime:0.000031s ]
INFO: Run Behavior\ParseTemplateBehavior [ RunTime:0.002188s ]
INFO: [ view_parse ] --END-- [ RunTime:0.002202s ]
INFO: [ view_filter ] --START--
INFO: Run Behavior\WriteHtmlCacheBehavior [ RunTime:0.000145s ]
INFO: [ view_filter ] --END-- [ RunTime:0.000155s ]
INFO: [ app_end ] --START--
INFO: Run Behavior\ShowPageTraceBehavior [ RunTime:0.000222s ]
INFO: [ app_end ] --END-- [ RunTime:0.000233s ]

[ 2017-05-16T09:08:20+08:00 ] 127.0.0.1 /index.php/?s=admin/topic/topic
INFO: [ app_init ] --START--
INFO: Run Behavior\BuildLiteBehavior [ RunTime:0.000006s ]
INFO: [ app_init ] --END-- [ RunTime:0.000164s ]
INFO: [ app_begin ] --START--
INFO: Run Behavior\ReadHtmlCacheBehavior [ RunTime:0.000210s ]
INFO: [ app_begin ] --END-- [ RunTime:0.000226s ]
INFO: [ view_parse ] --START--
INFO: [ template_filter ] --START--
INFO: Run Behavior\ContentReplaceBehavior [ RunTime:0.000020s ]
INFO: [ template_filter ] --END-- [ RunTime:0.000043s ]
INFO: Run Behavior\ParseTemplateBehavior [ RunTime:0.002683s ]
INFO: [ view_parse ] --END-- [ RunTime:0.002698s ]
INFO: [ view_filter ] --START--
INFO: Run Behavior\WriteHtmlCacheBehavior [ RunTime:0.000072s ]
INFO: [ view_filter ] --END-- [ RunTime:0.000082s ]
INFO: [ app_end ] --START--
INFO: Run Behavior\ShowPageTraceBehavior [ RunTime:0.000223s ]
INFO: [ app_end ] --END-- [ RunTime:0.000235s ]

[ 2017-05-16T09:08:42+08:00 ] 127.0.0.1 /index.php/?s=admin/topic/topic
INFO: [ app_init ] --START--
INFO: Run Behavior\BuildLiteBehavior [ RunTime:0.000007s ]
INFO: [ app_init ] --END-- [ RunTime:0.000167s ]
INFO: [ app_begin ] --START--
INFO: Run Behavior\ReadHtmlCacheBehavior [ RunTime:0.000477s ]
INFO: [ app_begin ] --END-- [ RunTime:0.000516s ]
INFO: [ view_parse ] --START--
INFO: [ template_filter ] --START--
INFO: Run Behavior\ContentReplaceBehavior [ RunTime:0.000086s ]
INFO: [ template_filter ] --END-- [ RunTime:0.000160s ]
INFO: Run Behavior\ParseTemplateBehavior [ RunTime:0.003490s ]
INFO: [ view_parse ] --END-- [ RunTime:0.003532s ]
INFO: [ view_filter ] --START--
INFO: Run Behavior\WriteHtmlCacheBehavior [ RunTime:0.000248s ]
INFO: [ view_filter ] --END-- [ RunTime:0.000279s ]
INFO: [ app_end ] --START--
INFO: Run Behavior\ShowPageTraceBehavior [ RunTime:0.000565s ]
INFO: [ app_end ] --END-- [ RunTime:0.000597s ]

[ 2017-05-16T09:08:55+08:00 ] 127.0.0.1 /index.php/?s=admin/topic/topic
INFO: [ app_init ] --START--
INFO: Run Behavior\BuildLiteBehavior [ RunTime:0.000005s ]
INFO: [ app_init ] --END-- [ RunTime:0.000157s ]
INFO: [ app_begin ] --START--
INFO: Run Behavior\ReadHtmlCacheBehavior [ RunTime:0.000188s ]
INFO: [ app_begin ] --END-- [ RunTime:0.000203s ]
INFO: [ view_parse ] --START--
INFO: [ template_filter ] --START--
INFO: Run Behavior\ContentReplaceBehavior [ RunTime:0.000016s ]
INFO: [ template_filter ] --END-- [ RunTime:0.000031s ]
INFO: Run Behavior\ParseTemplateBehavior [ RunTime:0.002233s ]
INFO: [ view_parse ] --END-- [ RunTime:0.002246s ]
INFO: [ view_filter ] --START--
INFO: Run Behavior\WriteHtmlCacheBehavior [ RunTime:0.000070s ]
INFO: [ view_filter ] --END-- [ RunTime:0.000080s ]
INFO: [ app_end ] --START--
INFO: Run Behavior\ShowPageTraceBehavior [ RunTime:0.000219s ]
INFO: [ app_end ] --END-- [ RunTime:0.000230s ]

[ 2017-05-16T09:15:15+08:00 ] 127.0.0.1 /index.php/?s=admin/topic/topic
INFO: [ app_init ] --START--
INFO: Run Behavior\BuildLiteBehavior [ RunTime:0.000005s ]
INFO: [ app_init ] --END-- [ RunTime:0.000163s ]
INFO: [ app_begin ] --START--
INFO: Run Behavior\ReadHtmlCacheBehavior [ RunTime:0.000222s ]
INFO: [ app_begin ] --END-- [ RunTime:0.000238s ]
INFO: [ view_parse ] --START--
INFO: [ template_filter ] --START--
INFO: Run Behavior\ContentReplaceBehavior [ RunTime:0.000019s ]
INFO: [ template_filter ] --END-- [ RunTime:0.000040s ]
INFO: Run Behavior\ParseTemplateBehavior [ RunTime:0.002862s ]
INFO: [ view_parse ] --END-- [ RunTime:0.002876s ]
INFO: [ view_filter ] --START--
INFO: Run Behavior\WriteHtmlCacheBehavior [ RunTime:0.000080s ]
INFO: [ view_filter ] --END-- [ RunTime:0.000091s ]
INFO: [ app_end ] --START--
INFO: Run Behavior\ShowPageTraceBehavior [ RunTime:0.000233s ]
INFO: [ app_end ] --END-- [ RunTime:0.000245s ]

[ 2017-05-16T09:15:16+08:00 ] 127.0.0.1 /index.php/?s=admin/topic/topic
INFO: [ app_init ] --START--
INFO: Run Behavior\BuildLiteBehavior [ RunTime:0.000006s ]
INFO: [ app_init ] --END-- [ RunTime:0.000168s ]
INFO: [ app_begin ] --START--
INFO: Run Behavior\ReadHtmlCacheBehavior [ RunTime:0.000213s ]
INFO: [ app_begin ] --END-- [ RunTime:0.000229s ]
INFO: [ view_parse ] --START--
INFO: [ template_filter ] --START--
INFO: Run Behavior\ContentReplaceBehavior [ RunTime:0.000016s ]
INFO: [ template_filter ] --END-- [ RunTime:0.000030s ]
INFO: Run Behavior\ParseTemplateBehavior [ RunTime:0.002172s ]
INFO: [ view_parse ] --END-- [ RunTime:0.002185s ]
INFO: [ view_filter ] --START--
INFO: Run Behavior\WriteHtmlCacheBehavior [ RunTime:0.000068s ]
INFO: [ view_filter ] --END-- [ RunTime:0.000079s ]
INFO: [ app_end ] --START--
INFO: Run Behavior\ShowPageTraceBehavior [ RunTime:0.000212s ]
INFO: [ app_end ] --END-- [ RunTime:0.000224s ]

[ 2017-05-16T09:15:32+08:00 ] 127.0.0.1 /index.php/?s=admin/topic/topic
INFO: [ app_init ] --START--
INFO: Run Behavior\BuildLiteBehavior [ RunTime:0.000005s ]
INFO: [ app_init ] --END-- [ RunTime:0.000158s ]
INFO: [ app_begin ] --START--
INFO: Run Behavior\ReadHtmlCacheBehavior [ RunTime:0.000198s ]
INFO: [ app_begin ] --END-- [ RunTime:0.000212s ]
INFO: [ view_parse ] --START--
INFO: [ template_filter ] --START--
INFO: Run Behavior\ContentReplaceBehavior [ RunTime:0.000018s ]
INFO: [ template_filter ] --END-- [ RunTime:0.000038s ]
INFO: Run Behavior\ParseTemplateBehavior [ RunTime:0.002623s ]
INFO: [ view_parse ] --END-- [ RunTime:0.002640s ]
INFO: [ view_filter ] --START--
INFO: Run Behavior\WriteHtmlCacheBehavior [ RunTime:0.000117s ]
INFO: [ view_filter ] --END-- [ RunTime:0.000139s ]
INFO: [ app_end ] --START--
INFO: Run Behavior\ShowPageTraceBehavior [ RunTime:0.000408s ]
INFO: [ app_end ] --END-- [ RunTime:0.000428s ]

[ 2017-05-16T09:17:19+08:00 ] 127.0.0.1 /index.php/?s=admin/topic/topic
INFO: [ app_init ] --START--
INFO: Run Behavior\BuildLiteBehavior [ RunTime:0.000006s ]
INFO: [ app_init ] --END-- [ RunTime:0.000201s ]
INFO: [ app_begin ] --START--
INFO: Run Behavior\ReadHtmlCacheBehavior [ RunTime:0.000287s ]
INFO: [ app_begin ] --END-- [ RunTime:0.000317s ]
INFO: [ view_parse ] --START--
INFO: [ template_filter ] --START--
INFO: Run Behavior\ContentReplaceBehavior [ RunTime:0.000019s ]
INFO: [ template_filter ] --END-- [ RunTime:0.000041s ]
INFO: Run Behavior\ParseTemplateBehavior [ RunTime:0.003355s ]
INFO: [ view_parse ] --END-- [ RunTime:0.003373s ]
INFO: [ view_filter ] --START--
INFO: Run Behavior\WriteHtmlCacheBehavior [ RunTime:0.000080s ]
INFO: [ view_filter ] --END-- [ RunTime:0.000091s ]
INFO: [ app_end ] --START--
INFO: Run Behavior\ShowPageTraceBehavior [ RunTime:0.000237s ]
INFO: [ app_end ] --END-- [ RunTime:0.000249s ]

[ 2017-05-16T09:17:20+08:00 ] 127.0.0.1 /index.php/?s=admin/topic/topic
INFO: [ app_init ] --START--
INFO: Run Behavior\BuildLiteBehavior [ RunTime:0.000005s ]
INFO: [ app_init ] --END-- [ RunTime:0.000165s ]
INFO: [ app_begin ] --START--
INFO: Run Behavior\ReadHtmlCacheBehavior [ RunTime:0.000208s ]
INFO: [ app_begin ] --END-- [ RunTime:0.000223s ]
INFO: [ view_parse ] --START--
INFO: [ template_filter ] --START--
INFO: Run Behavior\ContentReplaceBehavior [ RunTime:0.000016s ]
INFO: [ template_filter ] --END-- [ RunTime:0.000030s ]
INFO: Run Behavior\ParseTemplateBehavior [ RunTime:0.002184s ]
INFO: [ view_parse ] --END-- [ RunTime:0.002197s ]
INFO: [ view_filter ] --START--
INFO: Run Behavior\WriteHtmlCacheBehavior [ RunTime:0.000068s ]
INFO: [ view_filter ] --END-- [ RunTime:0.000077s ]
INFO: [ app_end ] --START--
INFO: Run Behavior\ShowPageTraceBehavior [ RunTime:0.000213s ]
INFO: [ app_end ] --END-- [ RunTime:0.000224s ]

[ 2017-05-16T09:17:46+08:00 ] 127.0.0.1 /index.php/?s=admin/topic/topic
INFO: [ app_init ] --START--
INFO: Run Behavior\BuildLiteBehavior [ RunTime:0.000006s ]
INFO: [ app_init ] --END-- [ RunTime:0.000149s ]
INFO: [ app_begin ] --START--
INFO: Run Behavior\ReadHtmlCacheBehavior [ RunTime:0.000319s ]
INFO: [ app_begin ] --END-- [ RunTime:0.000346s ]
INFO: [ view_parse ] --START--
INFO: [ template_filter ] --START--
INFO: Run Behavior\ContentReplaceBehavior [ RunTime:0.000017s ]
INFO: [ template_filter ] --END-- [ RunTime:0.000034s ]
INFO: Run Behavior\ParseTemplateBehavior [ RunTime:0.002229s ]
INFO: [ view_parse ] --END-- [ RunTime:0.002245s ]
INFO: [ view_filter ] --START--
INFO: Run Behavior\WriteHtmlCacheBehavior [ RunTime:0.000068s ]
INFO: [ view_filter ] --END-- [ RunTime:0.000078s ]
INFO: [ app_end ] --START--
INFO: Run Behavior\ShowPageTraceBehavior [ RunTime:0.000217s ]
INFO: [ app_end ] --END-- [ RunTime:0.000228s ]

[ 2017-05-16T09:21:28+08:00 ] 127.0.0.1 /index.php/?s=admin/topic/topic
INFO: [ app_init ] --START--
INFO: Run Behavior\BuildLiteBehavior [ RunTime:0.000005s ]
INFO: [ app_init ] --END-- [ RunTime:0.000166s ]
INFO: [ app_begin ] --START--
INFO: Run Behavior\ReadHtmlCacheBehavior [ RunTime:0.000193s ]
INFO: [ app_begin ] --END-- [ RunTime:0.000207s ]
ERR: syntax error, unexpected '）' (T_STRING), expecting ',' or ')'

[ 2017-05-16T09:22:12+08:00 ] 127.0.0.1 /index.php/?s=admin/topic/topic
INFO: [ app_init ] --START--
INFO: Run Behavior\BuildLiteBehavior [ RunTime:0.000007s ]
INFO: [ app_init ] --END-- [ RunTime:0.000293s ]
INFO: [ app_begin ] --START--
INFO: Run Behavior\ReadHtmlCacheBehavior [ RunTime:0.000294s ]
INFO: [ app_begin ] --END-- [ RunTime:0.000315s ]
INFO: [ view_parse ] --START--
INFO: [ template_filter ] --START--
INFO: Run Behavior\ContentReplaceBehavior [ RunTime:0.000019s ]
INFO: [ template_filter ] --END-- [ RunTime:0.000039s ]
INFO: Run Behavior\ParseTemplateBehavior [ RunTime:0.002500s ]
INFO: [ view_parse ] --END-- [ RunTime:0.002515s ]
INFO: [ view_filter ] --START--
INFO: Run Behavior\WriteHtmlCacheBehavior [ RunTime:0.000094s ]
INFO: [ view_filter ] --END-- [ RunTime:0.000117s ]
INFO: [ app_end ] --START--
INFO: Run Behavior\ShowPageTraceBehavior [ RunTime:0.000305s ]
INFO: [ app_end ] --END-- [ RunTime:0.000318s ]

[ 2017-05-16T09:24:42+08:00 ] 127.0.0.1 /index.php/?s=admin/topic/topic
INFO: [ app_init ] --START--
INFO: Run Behavior\BuildLiteBehavior [ RunTime:0.000005s ]
INFO: [ app_init ] --END-- [ RunTime:0.000161s ]
INFO: [ app_begin ] --START--
INFO: Run Behavior\ReadHtmlCacheBehavior [ RunTime:0.000263s ]
INFO: [ app_begin ] --END-- [ RunTime:0.000289s ]
INFO: [ view_parse ] --START--
INFO: [ template_filter ] --START--
INFO: Run Behavior\ContentReplaceBehavior [ RunTime:0.000019s ]
INFO: [ template_filter ] --END-- [ RunTime:0.000037s ]
INFO: Run Behavior\ParseTemplateBehavior [ RunTime:0.003685s ]
INFO: [ view_parse ] --END-- [ RunTime:0.003705s ]
INFO: [ view_filter ] --START--
INFO: Run Behavior\WriteHtmlCacheBehavior [ RunTime:0.000084s ]
INFO: [ view_filter ] --END-- [ RunTime:0.000094s ]
INFO: [ app_end ] --START--
INFO: Run Behavior\ShowPageTraceBehavior [ RunTime:0.000258s ]
INFO: [ app_end ] --END-- [ RunTime:0.000272s ]

[ 2017-05-16T09:24:47+08:00 ] 127.0.0.1 /index.php/?s=admin/topic/add
INFO: [ app_init ] --START--
INFO: Run Behavior\BuildLiteBehavior [ RunTime:0.000006s ]
INFO: [ app_init ] --END-- [ RunTime:0.000159s ]
INFO: [ app_begin ] --START--
INFO: Run Behavior\ReadHtmlCacheBehavior [ RunTime:0.000193s ]
INFO: [ app_begin ] --END-- [ RunTime:0.000207s ]
SQL: INSERT INTO `blog_topic` (`topic_title`,`topic_desc`,`user_id`,`pub_time`) VALUES ('ads','sddasdds','1','1494897887') [ RunTime:0.0004s ]
INFO: [ app_end ] --START--
INFO: Run Behavior\ShowPageTraceBehavior [ RunTime:0.000384s ]
INFO: [ app_end ] --END-- [ RunTime:0.000403s ]

[ 2017-05-16T09:34:45+08:00 ] 127.0.0.1 /index.php/?s=admin/topic/topic
INFO: [ app_init ] --START--
INFO: Run Behavior\BuildLiteBehavior [ RunTime:0.000006s ]
INFO: [ app_init ] --END-- [ RunTime:0.000177s ]
INFO: [ app_begin ] --START--
INFO: Run Behavior\ReadHtmlCacheBehavior [ RunTime:0.000227s ]
INFO: [ app_begin ] --END-- [ RunTime:0.000243s ]
INFO: [ view_parse ] --START--
INFO: [ template_filter ] --START--
INFO: Run Behavior\ContentReplaceBehavior [ RunTime:0.000018s ]
INFO: [ template_filter ] --END-- [ RunTime:0.000035s ]
INFO: Run Behavior\ParseTemplateBehavior [ RunTime:0.002445s ]
INFO: [ view_parse ] --END-- [ RunTime:0.002460s ]
INFO: [ view_filter ] --START--
INFO: Run Behavior\WriteHtmlCacheBehavior [ RunTime:0.000074s ]
INFO: [ view_filter ] --END-- [ RunTime:0.000085s ]
INFO: [ app_end ] --START--
INFO: Run Behavior\ShowPageTraceBehavior [ RunTime:0.000223s ]
INFO: [ app_end ] --END-- [ RunTime:0.000234s ]

[ 2017-05-16T11:12:57+08:00 ] 127.0.0.1 /index.php/?s=admin/topic/showlist
INFO: [ app_init ] --START--
INFO: Run Behavior\BuildLiteBehavior [ RunTime:0.000005s ]
INFO: [ app_init ] --END-- [ RunTime:0.000147s ]
INFO: [ app_begin ] --START--
INFO: Run Behavior\ReadHtmlCacheBehavior [ RunTime:0.000189s ]
INFO: [ app_begin ] --END-- [ RunTime:0.000203s ]
ERR: 非法操作:showlist

[ 2017-05-16T11:13:13+08:00 ] 127.0.0.1 /index.php/?s=admin/login/login
INFO: [ app_init ] --START--
INFO: Run Behavior\BuildLiteBehavior [ RunTime:0.000006s ]
INFO: [ app_init ] --END-- [ RunTime:0.000150s ]
INFO: [ app_begin ] --START--
INFO: Run Behavior\ReadHtmlCacheBehavior [ RunTime:0.000192s ]
INFO: [ app_begin ] --END-- [ RunTime:0.000206s ]
INFO: [ view_parse ] --START--
INFO: [ template_filter ] --START--
INFO: Run Behavior\ContentReplaceBehavior [ RunTime:0.000013s ]
INFO: [ template_filter ] --END-- [ RunTime:0.000028s ]
INFO: Run Behavior\ParseTemplateBehavior [ RunTime:0.008232s ]
INFO: [ view_parse ] --END-- [ RunTime:0.008272s ]
INFO: [ view_filter ] --START--
INFO: Run Behavior\WriteHtmlCacheBehavior [ RunTime:0.000159s ]
INFO: [ view_filter ] --END-- [ RunTime:0.000179s ]
INFO: [ app_end ] --START--
INFO: Run Behavior\ShowPageTraceBehavior [ RunTime:0.000426s ]
INFO: [ app_end ] --END-- [ RunTime:0.000450s ]

[ 2017-05-16T11:15:53+08:00 ] 127.0.0.1 /index.php/?s=admin/login/login
INFO: [ app_init ] --START--
INFO: Run Behavior\BuildLiteBehavior [ RunTime:0.000006s ]
INFO: [ app_init ] --END-- [ RunTime:0.000153s ]
INFO: [ app_begin ] --START--
INFO: Run Behavior\ReadHtmlCacheBehavior [ RunTime:0.000201s ]
INFO: [ app_begin ] --END-- [ RunTime:0.000215s ]
INFO: [ view_parse ] --START--
INFO: [ template_filter ] --START--
INFO: Run Behavior\ContentReplaceBehavior [ RunTime:0.000016s ]
INFO: [ template_filter ] --END-- [ RunTime:0.000030s ]
ERR: syntax error, unexpected '/'

[ 2017-05-16T11:16:16+08:00 ] 127.0.0.1 /index.php/?s=admin/login/login
INFO: [ app_init ] --START--
INFO: Run Behavior\BuildLiteBehavior [ RunTime:0.000022s ]
INFO: [ app_init ] --END-- [ RunTime:0.000440s ]
INFO: [ app_begin ] --START--
INFO: Run Behavior\ReadHtmlCacheBehavior [ RunTime:0.000369s ]
INFO: [ app_begin ] --END-- [ RunTime:0.000398s ]
INFO: [ view_parse ] --START--
INFO: [ template_filter ] --START--
INFO: Run Behavior\ContentReplaceBehavior [ RunTime:0.000019s ]
INFO: [ template_filter ] --END-- [ RunTime:0.000039s ]
ERR: syntax error, unexpected '/', expecting end of file

[ 2017-05-16T11:16:25+08:00 ] 127.0.0.1 /index.php/?s=admin/login/login
INFO: [ app_init ] --START--
INFO: Run Behavior\BuildLiteBehavior [ RunTime:0.000006s ]
INFO: [ app_init ] --END-- [ RunTime:0.000177s ]
INFO: [ app_begin ] --START--
INFO: Run Behavior\ReadHtmlCacheBehavior [ RunTime:0.000192s ]
INFO: [ app_begin ] --END-- [ RunTime:0.000206s ]
INFO: [ view_parse ] --START--
INFO: [ template_filter ] --START--
INFO: Run Behavior\ContentReplaceBehavior [ RunTime:0.000015s ]
INFO: [ template_filter ] --END-- [ RunTime:0.000029s ]
ERR: syntax error, unexpected '/', expecting end of file

[ 2017-05-16T11:16:35+08:00 ] 127.0.0.1 /index.php/?s=admin/login/login
INFO: [ app_init ] --START--
INFO: Run Behavior\BuildLiteBehavior [ RunTime:0.000006s ]
INFO: [ app_init ] --END-- [ RunTime:0.000171s ]
INFO: [ app_begin ] --START--
INFO: Run Behavior\ReadHtmlCacheBehavior [ RunTime:0.000292s ]
INFO: [ app_begin ] --END-- [ RunTime:0.000310s ]
INFO: [ view_parse ] --START--
INFO: [ template_filter ] --START--
INFO: Run Behavior\ContentReplaceBehavior [ RunTime:0.000017s ]
INFO: [ template_filter ] --END-- [ RunTime:0.000040s ]
INFO: Run Behavior\ParseTemplateBehavior [ RunTime:0.004049s ]
INFO: [ view_parse ] --END-- [ RunTime:0.004066s ]
INFO: [ view_filter ] --START--
INFO: Run Behavior\WriteHtmlCacheBehavior [ RunTime:0.000079s ]
INFO: [ view_filter ] --END-- [ RunTime:0.000088s ]
INFO: [ app_end ] --START--
INFO: Run Behavior\ShowPageTraceBehavior [ RunTime:0.000231s ]
INFO: [ app_end ] --END-- [ RunTime:0.000243s ]

[ 2017-05-16T11:18:01+08:00 ] 127.0.0.1 /index.php/?s=admin/login/login
INFO: [ app_init ] --START--
INFO: Run Behavior\BuildLiteBehavior [ RunTime:0.000015s ]
INFO: [ app_init ] --END-- [ RunTime:0.000303s ]
INFO: [ app_begin ] --START--
INFO: Run Behavior\ReadHtmlCacheBehavior [ RunTime:0.000310s ]
INFO: [ app_begin ] --END-- [ RunTime:0.000337s ]
INFO: [ view_parse ] --START--
INFO: [ template_filter ] --START--
INFO: Run Behavior\ContentReplaceBehavior [ RunTime:0.000015s ]
INFO: [ template_filter ] --END-- [ RunTime:0.000031s ]
INFO: Run Behavior\ParseTemplateBehavior [ RunTime:0.002176s ]
INFO: [ view_parse ] --END-- [ RunTime:0.002190s ]
INFO: [ view_filter ] --START--
INFO: Run Behavior\WriteHtmlCacheBehavior [ RunTime:0.000072s ]
INFO: [ view_filter ] --END-- [ RunTime:0.000081s ]
INFO: [ app_end ] --START--
INFO: Run Behavior\ShowPageTraceBehavior [ RunTime:0.000223s ]
INFO: [ app_end ] --END-- [ RunTime:0.000234s ]

[ 2017-05-16T11:18:27+08:00 ] 127.0.0.1 /index.php/?s=admin/login/login
INFO: [ app_init ] --START--
INFO: Run Behavior\BuildLiteBehavior [ RunTime:0.000005s ]
INFO: [ app_init ] --END-- [ RunTime:0.000147s ]
INFO: [ app_begin ] --START--
INFO: Run Behavior\ReadHtmlCacheBehavior [ RunTime:0.000189s ]
INFO: [ app_begin ] --END-- [ RunTime:0.000204s ]
INFO: [ view_parse ] --START--
INFO: [ template_filter ] --START--
INFO: Run Behavior\ContentReplaceBehavior [ RunTime:0.000016s ]
INFO: [ template_filter ] --END-- [ RunTime:0.000035s ]
INFO: Run Behavior\ParseTemplateBehavior [ RunTime:0.002330s ]
INFO: [ view_parse ] --END-- [ RunTime:0.002344s ]
INFO: [ view_filter ] --START--
INFO: Run Behavior\WriteHtmlCacheBehavior [ RunTime:0.000071s ]
INFO: [ view_filter ] --END-- [ RunTime:0.000080s ]
INFO: [ app_end ] --START--
INFO: Run Behavior\ShowPageTraceBehavior [ RunTime:0.000218s ]
INFO: [ app_end ] --END-- [ RunTime:0.000229s ]

[ 2017-05-16T11:19:22+08:00 ] 127.0.0.1 /index.php/?s=admin/login/login
INFO: [ app_init ] --START--
INFO: Run Behavior\BuildLiteBehavior [ RunTime:0.000005s ]
INFO: [ app_init ] --END-- [ RunTime:0.000157s ]
INFO: [ app_begin ] --START--
INFO: Run Behavior\ReadHtmlCacheBehavior [ RunTime:0.000208s ]
INFO: [ app_begin ] --END-- [ RunTime:0.000224s ]
INFO: [ view_parse ] --START--
INFO: [ template_filter ] --START--
INFO: Run Behavior\ContentReplaceBehavior [ RunTime:0.000016s ]
INFO: [ template_filter ] --END-- [ RunTime:0.000035s ]
INFO: Run Behavior\ParseTemplateBehavior [ RunTime:0.002233s ]
INFO: [ view_parse ] --END-- [ RunTime:0.002247s ]
INFO: [ view_filter ] --START--
INFO: Run Behavior\WriteHtmlCacheBehavior [ RunTime:0.000078s ]
INFO: [ view_filter ] --END-- [ RunTime:0.000088s ]
INFO: [ app_end ] --START--
INFO: Run Behavior\ShowPageTraceBehavior [ RunTime:0.000231s ]
INFO: [ app_end ] --END-- [ RunTime:0.000243s ]

[ 2017-05-16T11:19:38+08:00 ] 127.0.0.1 /index.php/?s=admin/login/login
INFO: [ app_init ] --START--
INFO: Run Behavior\BuildLiteBehavior [ RunTime:0.000006s ]
INFO: [ app_init ] --END-- [ RunTime:0.000167s ]
INFO: [ app_begin ] --START--
INFO: Run Behavior\ReadHtmlCacheBehavior [ RunTime:0.000210s ]
INFO: [ app_begin ] --END-- [ RunTime:0.000227s ]
INFO: [ view_parse ] --START--
INFO: [ template_filter ] --START--
INFO: Run Behavior\ContentReplaceBehavior [ RunTime:0.000019s ]
INFO: [ template_filter ] --END-- [ RunTime:0.000043s ]
INFO: Run Behavior\ParseTemplateBehavior [ RunTime:0.003829s ]
INFO: [ view_parse ] --END-- [ RunTime:0.003844s ]
INFO: [ view_filter ] --START--
INFO: Run Behavior\WriteHtmlCacheBehavior [ RunTime:0.000077s ]
INFO: [ view_filter ] --END-- [ RunTime:0.000088s ]
INFO: [ app_end ] --START--
INFO: Run Behavior\ShowPageTraceBehavior [ RunTime:0.000242s ]
INFO: [ app_end ] --END-- [ RunTime:0.000254s ]

[ 2017-05-16T11:19:41+08:00 ] 127.0.0.1 /index.php/?s=admin/login/login
INFO: [ app_init ] --START--
INFO: Run Behavior\BuildLiteBehavior [ RunTime:0.000012s ]
INFO: [ app_init ] --END-- [ RunTime:0.000236s ]
INFO: [ app_begin ] --START--
INFO: Run Behavior\ReadHtmlCacheBehavior [ RunTime:0.000267s ]
INFO: [ app_begin ] --END-- [ RunTime:0.000289s ]
INFO: [ view_parse ] --START--
INFO: [ template_filter ] --START--
INFO: Run Behavior\ContentReplaceBehavior [ RunTime:0.000028s ]
INFO: [ template_filter ] --END-- [ RunTime:0.000062s ]
INFO: Run Behavior\ParseTemplateBehavior [ RunTime:0.003295s ]
INFO: [ view_parse ] --END-- [ RunTime:0.003316s ]
INFO: [ view_filter ] --START--
INFO: Run Behavior\WriteHtmlCacheBehavior [ RunTime:0.000127s ]
INFO: [ view_filter ] --END-- [ RunTime:0.000144s ]
INFO: [ app_end ] --START--
INFO: Run Behavior\ShowPageTraceBehavior [ RunTime:0.000336s ]
INFO: [ app_end ] --END-- [ RunTime:0.000350s ]

[ 2017-05-16T11:23:45+08:00 ] 127.0.0.1 /index.php/?s=admin/login/login
INFO: [ app_init ] --START--
INFO: Run Behavior\BuildLiteBehavior [ RunTime:0.000006s ]
INFO: [ app_init ] --END-- [ RunTime:0.000189s ]
INFO: [ app_begin ] --START--
INFO: Run Behavior\ReadHtmlCacheBehavior [ RunTime:0.000289s ]
INFO: [ app_begin ] --END-- [ RunTime:0.000314s ]
INFO: [ view_parse ] --START--
INFO: [ template_filter ] --START--
INFO: Run Behavior\ContentReplaceBehavior [ RunTime:0.000016s ]
INFO: [ template_filter ] --END-- [ RunTime:0.000033s ]
INFO: Run Behavior\ParseTemplateBehavior [ RunTime:0.002446s ]
INFO: [ view_parse ] --END-- [ RunTime:0.002463s ]
INFO: [ view_filter ] --START--
INFO: Run Behavior\WriteHtmlCacheBehavior [ RunTime:0.000084s ]
INFO: [ view_filter ] --END-- [ RunTime:0.000095s ]
INFO: [ app_end ] --START--
INFO: Run Behavior\ShowPageTraceBehavior [ RunTime:0.000256s ]
INFO: [ app_end ] --END-- [ RunTime:0.000269s ]

[ 2017-05-16T11:23:46+08:00 ] 127.0.0.1 /index.php/?s=admin/login/login
INFO: [ app_init ] --START--
INFO: Run Behavior\BuildLiteBehavior [ RunTime:0.000005s ]
INFO: [ app_init ] --END-- [ RunTime:0.000159s ]
INFO: [ app_begin ] --START--
INFO: Run Behavior\ReadHtmlCacheBehavior [ RunTime:0.000211s ]
INFO: [ app_begin ] --END-- [ RunTime:0.000226s ]
INFO: [ view_parse ] --START--
INFO: [ template_filter ] --START--
INFO: Run Behavior\ContentReplaceBehavior [ RunTime:0.000014s ]
INFO: [ template_filter ] --END-- [ RunTime:0.000028s ]
INFO: Run Behavior\ParseTemplateBehavior [ RunTime:0.002084s ]
INFO: [ view_parse ] --END-- [ RunTime:0.002099s ]
INFO: [ view_filter ] --START--
INFO: Run Behavior\WriteHtmlCacheBehavior [ RunTime:0.000069s ]
INFO: [ view_filter ] --END-- [ RunTime:0.000078s ]
INFO: [ app_end ] --START--
INFO: Run Behavior\ShowPageTraceBehavior [ RunTime:0.000215s ]
INFO: [ app_end ] --END-- [ RunTime:0.000227s ]

[ 2017-05-16T11:23:47+08:00 ] 127.0.0.1 /index.php/?s=admin/login/login
INFO: [ app_init ] --START--
INFO: Run Behavior\BuildLiteBehavior [ RunTime:0.000005s ]
INFO: [ app_init ] --END-- [ RunTime:0.000165s ]
INFO: [ app_begin ] --START--
INFO: Run Behavior\ReadHtmlCacheBehavior [ RunTime:0.000211s ]
INFO: [ app_begin ] --END-- [ RunTime:0.000228s ]
INFO: [ view_parse ] --START--
INFO: [ template_filter ] --START--
INFO: Run Behavior\ContentReplaceBehavior [ RunTime:0.000013s ]
INFO: [ template_filter ] --END-- [ RunTime:0.000027s ]
INFO: Run Behavior\ParseTemplateBehavior [ RunTime:0.002133s ]
INFO: [ view_parse ] --END-- [ RunTime:0.002147s ]
INFO: [ view_filter ] --START--
INFO: Run Behavior\WriteHtmlCacheBehavior [ RunTime:0.000072s ]
INFO: [ view_filter ] --END-- [ RunTime:0.000082s ]
INFO: [ app_end ] --START--
INFO: Run Behavior\ShowPageTraceBehavior [ RunTime:0.000217s ]
INFO: [ app_end ] --END-- [ RunTime:0.000228s ]

[ 2017-05-16T11:23:48+08:00 ] 127.0.0.1 /index.php/?s=admin/login/login
INFO: [ app_init ] --START--
INFO: Run Behavior\BuildLiteBehavior [ RunTime:0.000004s ]
INFO: [ app_init ] --END-- [ RunTime:0.000153s ]
INFO: [ app_begin ] --START--
INFO: Run Behavior\ReadHtmlCacheBehavior [ RunTime:0.000236s ]
INFO: [ app_begin ] --END-- [ RunTime:0.000257s ]
INFO: [ view_parse ] --START--
INFO: [ template_filter ] --START--
INFO: Run Behavior\ContentReplaceBehavior [ RunTime:0.000015s ]
INFO: [ template_filter ] --END-- [ RunTime:0.000029s ]
INFO: Run Behavior\ParseTemplateBehavior [ RunTime:0.002181s ]
INFO: [ view_parse ] --END-- [ RunTime:0.002195s ]
INFO: [ view_filter ] --START--
INFO: Run Behavior\WriteHtmlCacheBehavior [ RunTime:0.000106s ]
INFO: [ view_filter ] --END-- [ RunTime:0.000119s ]
INFO: [ app_end ] --START--
INFO: Run Behavior\ShowPageTraceBehavior [ RunTime:0.000251s ]
INFO: [ app_end ] --END-- [ RunTime:0.000264s ]

[ 2017-05-16T15:08:06+08:00 ] 127.0.0.1 /index.php/?s=admin/login/login
INFO: [ app_init ] --START--
INFO: Run Behavior\BuildLiteBehavior [ RunTime:0.000012s ]
INFO: [ app_init ] --END-- [ RunTime:0.000725s ]
INFO: [ app_begin ] --START--
INFO: Run Behavior\ReadHtmlCacheBehavior [ RunTime:0.000254s ]
INFO: [ app_begin ] --END-- [ RunTime:0.000281s ]
INFO: [ view_parse ] --START--
INFO: [ template_filter ] --START--
INFO: Run Behavior\ContentReplaceBehavior [ RunTime:0.000021s ]
INFO: [ template_filter ] --END-- [ RunTime:0.000047s ]
INFO: Run Behavior\ParseTemplateBehavior [ RunTime:0.003800s ]
INFO: [ view_parse ] --END-- [ RunTime:0.003829s ]
INFO: [ view_filter ] --START--
INFO: Run Behavior\WriteHtmlCacheBehavior [ RunTime:0.000092s ]
INFO: [ view_filter ] --END-- [ RunTime:0.000104s ]
INFO: [ app_end ] --START--
INFO: Run Behavior\ShowPageTraceBehavior [ RunTime:0.000450s ]
INFO: [ app_end ] --END-- [ RunTime:0.000488s ]

[ 2017-05-16T15:13:54+08:00 ] 127.0.0.1 /index.php/?s=admin/login/login
INFO: [ app_init ] --START--
INFO: Run Behavior\BuildLiteBehavior [ RunTime:0.000010s ]
INFO: [ app_init ] --END-- [ RunTime:0.000607s ]
INFO: [ app_begin ] --START--
INFO: Run Behavior\ReadHtmlCacheBehavior [ RunTime:0.000645s ]
INFO: [ app_begin ] --END-- [ RunTime:0.000679s ]
INFO: [ view_parse ] --START--
INFO: [ template_filter ] --START--
INFO: Run Behavior\ContentReplaceBehavior [ RunTime:0.000024s ]
INFO: [ template_filter ] --END-- [ RunTime:0.000048s ]
INFO: Run Behavior\ParseTemplateBehavior [ RunTime:0.005259s ]
INFO: [ view_parse ] --END-- [ RunTime:0.005278s ]
INFO: [ view_filter ] --START--
INFO: Run Behavior\WriteHtmlCacheBehavior [ RunTime:0.000367s ]
INFO: [ view_filter ] --END-- [ RunTime:0.000393s ]
INFO: [ app_end ] --START--
INFO: Run Behavior\ShowPageTraceBehavior [ RunTime:0.000599s ]
INFO: [ app_end ] --END-- [ RunTime:0.000618s ]

[ 2017-05-16T15:39:58+08:00 ] 127.0.0.1 /index.php/?s=admin/login/login
INFO: [ app_init ] --START--
INFO: Run Behavior\BuildLiteBehavior [ RunTime:0.000009s ]
INFO: [ app_init ] --END-- [ RunTime:0.000601s ]
INFO: [ app_begin ] --START--
INFO: Run Behavior\ReadHtmlCacheBehavior [ RunTime:0.000611s ]
INFO: [ app_begin ] --END-- [ RunTime:0.000638s ]
ERR: syntax error, unexpected '=', expecting ',' or ')'

[ 2017-05-16T15:40:28+08:00 ] 127.0.0.1 /index.php/?s=admin/login/login
INFO: [ app_init ] --START--
INFO: Run Behavior\BuildLiteBehavior [ RunTime:0.000008s ]
INFO: [ app_init ] --END-- [ RunTime:0.000636s ]
INFO: [ app_begin ] --START--
INFO: Run Behavior\ReadHtmlCacheBehavior [ RunTime:0.000827s ]
INFO: [ app_begin ] --END-- [ RunTime:0.000864s ]
ERR: syntax error, unexpected '=', expecting ',' or ')'

[ 2017-05-16T15:41:45+08:00 ] 127.0.0.1 /index.php/?s=admin/login/login
INFO: [ app_init ] --START--
INFO: Run Behavior\BuildLiteBehavior [ RunTime:0.000009s ]
INFO: [ app_init ] --END-- [ RunTime:0.000476s ]
INFO: [ app_begin ] --START--
INFO: Run Behavior\ReadHtmlCacheBehavior [ RunTime:0.000575s ]
INFO: [ app_begin ] --END-- [ RunTime:0.000608s ]
ERR: syntax error, unexpected '=', expecting ',' or ')'

[ 2017-05-16T15:42:46+08:00 ] 127.0.0.1 /index.php/?s=admin/login/login
INFO: [ app_init ] --START--
INFO: Run Behavior\BuildLiteBehavior [ RunTime:0.000009s ]
INFO: [ app_init ] --END-- [ RunTime:0.000480s ]
INFO: [ app_begin ] --START--
INFO: Run Behavior\ReadHtmlCacheBehavior [ RunTime:0.000567s ]
INFO: [ app_begin ] --END-- [ RunTime:0.000598s ]
INFO: [ view_parse ] --START--
INFO: [ template_filter ] --START--
INFO: Run Behavior\ContentReplaceBehavior [ RunTime:0.000046s ]
INFO: [ template_filter ] --END-- [ RunTime:0.000069s ]
INFO: Run Behavior\ParseTemplateBehavior [ RunTime:0.006863s ]
INFO: [ view_parse ] --END-- [ RunTime:0.006890s ]
INFO: [ view_filter ] --START--
INFO: Run Behavior\WriteHtmlCacheBehavior [ RunTime:0.000608s ]
INFO: [ view_filter ] --END-- [ RunTime:0.000635s ]
INFO: [ app_end ] --START--
INFO: Run Behavior\ShowPageTraceBehavior [ RunTime:0.000643s ]
INFO: [ app_end ] --END-- [ RunTime:0.000671s ]

[ 2017-05-16T15:43:23+08:00 ] 127.0.0.1 /index.php/?s=admin/login/login
INFO: [ app_init ] --START--
INFO: Run Behavior\BuildLiteBehavior [ RunTime:0.000032s ]
INFO: [ app_init ] --END-- [ RunTime:0.001258s ]
INFO: [ app_begin ] --START--
INFO: Run Behavior\ReadHtmlCacheBehavior [ RunTime:0.000597s ]
INFO: [ app_begin ] --END-- [ RunTime:0.000638s ]
INFO: [ view_parse ] --START--
INFO: [ template_filter ] --START--
INFO: Run Behavior\ContentReplaceBehavior [ RunTime:0.000093s ]
INFO: [ template_filter ] --END-- [ RunTime:0.000222s ]
INFO: Run Behavior\ParseTemplateBehavior [ RunTime:0.012257s ]
INFO: [ view_parse ] --END-- [ RunTime:0.012378s ]
INFO: [ view_filter ] --START--
INFO: Run Behavior\WriteHtmlCacheBehavior [ RunTime:0.000954s ]
INFO: [ view_filter ] --END-- [ RunTime:0.001031s ]
INFO: [ app_end ] --START--
INFO: Run Behavior\ShowPageTraceBehavior [ RunTime:0.001504s ]
INFO: [ app_end ] --END-- [ RunTime:0.001560s ]

